This is METAFONT, Version 2.7182818 (TeX Live 2016/Debian) (preloaded base=mf 2019.4.5)  17 APR 2019 14:28
**dijkstra.py not_important_rn/
(dijkstra.py
>> import.csv.import.numpy.as.np
! Isolated expression.
<to be read again> 
                   from
l.3 from
         heapq import heappush, heappop
? 
! Extra tokens will be flushed.
<to be read again> 
                   from
l.3 from
         heapq import heappush, heappop
? 
! Interruption.
l.3 from
         heapq import heappush, heappop
? latex
Type <return> to proceed, S to scroll future error messages,
R to run without stopping, Q to run quietly,
I to insert something, E to edit your file,
H for help, X to quit.
? X

